
> aoh-website@0.1.0 reach:warmup
> node scripts/reach-warmup-autopilot.mjs --lane all --execute auto --allow-scrape-spend


Reviews report: /home/runner/work/aoh-website/aoh-website/docs/client-ops-ledger/outbox/reach-warmup-reviews-2026-05-21.md

AI Visibility report: /home/runner/work/aoh-website/aoh-website/docs/client-ops-ledger/outbox/reach-warmup-ai-2026-05-21.md

> node scripts/launch-reach-campaign.mjs --lane relay --industry veterinary --area Connecticut --limit 20 --timeout-ms 120000 --out tmp-reach-warmup-relay-2026-05-21-a1.json
Scraping Outscraper query: veterinary, Connecticut, USA
Limit: 20. Enrichment: contacts_n_leads.
Prepared 20 Relay prospects.
Saved normalized prospects to tmp-reach-warmup-relay-2026-05-21-a1.json.

DRY RUN ONLY. Nothing was added to GHL.
Review the output file, then rerun with --commit.
To also start the drip, add --start-drip.

Sample:
- Worth Street Veterinary Center <help@worthstreetvet.com> New York New York
- Worth Street Veterinary Center <arryn@worthstreetvet.com> New York New York
- Worth Street Veterinary Center <drdipolo@gmail.com> New York New York

> node scripts/reach-json-to-csv.mjs --input tmp-reach-warmup-relay-2026-05-21-a1.json --out tmp-reach-warmup-relay-2026-05-21-a1-clean.csv
Input JSON rows: 20
CSV written: tmp-reach-warmup-relay-2026-05-21-a1-clean.csv

> node scripts/reach-filter-fresh-prospects.mjs --lane relay --csv tmp-reach-warmup-relay-2026-05-21-a1-clean.csv --out tmp-reach-warmup-relay-2026-05-21-a1-fresh.csv --state Connecticut
Input rows: 20
Fresh rows kept: 3
Removed rows: 17
Fresh CSV: tmp-reach-warmup-relay-2026-05-21-a1-fresh.csv
Removed CSV: tmp-reach-warmup-relay-2026-05-21-a1-fresh-removed.csv
No GHL API calls were made. This is CSV filtering only.

> node scripts/verify-reach-emails.mjs --provider neverbounce --csv tmp-reach-warmup-relay-2026-05-21-a1-fresh.csv --out tmp-reach-warmup-relay-2026-05-21-a1-verified.csv --report tmp-reach-warmup-relay-2026-05-21-a1-verified-report.json
Loaded 3 rows from tmp-reach-warmup-relay-2026-05-21-a1-fresh.csv.
KEEP info@hvsct.com valid
KEEP info@vecct.com valid
REMOVE info@vec.com catchall

Input: 3
Kept: 2
Removed: 1
Verified CSV: tmp-reach-warmup-relay-2026-05-21-a1-verified.csv
Verification report: tmp-reach-warmup-relay-2026-05-21-a1-verified-report.json

> node scripts/reach-quality-review.mjs --lane relay --csv tmp-reach-warmup-relay-2026-05-21-a1-verified.csv --out tmp-reach-warmup-relay-2026-05-21-a1-qa.csv
Rows reviewed: 2
OK rows: 2
Review rows: 0
QA CSV: tmp-reach-warmup-relay-2026-05-21-a1-qa.csv
QA report: /home/runner/work/aoh-website/aoh-website/docs/client-ops-ledger/outbox/reach-relay-quality-2026-05-21.md

> node scripts/launch-reach-campaign.mjs --lane relay --industry emergency veterinary --area Connecticut --limit 20 --timeout-ms 120000 --out tmp-reach-warmup-relay-2026-05-21-a2.json
Scraping Outscraper query: emergency veterinary, Connecticut, USA
Limit: 20. Enrichment: contacts_n_leads.
Prepared 20 Relay prospects.
Saved normalized prospects to tmp-reach-warmup-relay-2026-05-21-a2.json.

DRY RUN ONLY. Nothing was added to GHL.
Review the output file, then rerun with --commit.
To also start the drip, add --start-drip.

Sample:
- Veterinary Emergency Center <surgery@criticalvet.com> Canton Connecticut
- Veterinary Emergency Center <info@vecofcanton.com> Canton Connecticut
- VCA Shoreline Veterinary Referral and Emergency Center <trina@foothillvet.com> Shelton Connecticut

> node scripts/reach-json-to-csv.mjs --input tmp-reach-warmup-relay-2026-05-21-a2.json --out tmp-reach-warmup-relay-2026-05-21-a2-clean.csv
Input JSON rows: 20
CSV written: tmp-reach-warmup-relay-2026-05-21-a2-clean.csv

> node scripts/reach-filter-fresh-prospects.mjs --lane relay --csv tmp-reach-warmup-relay-2026-05-21-a2-clean.csv --out tmp-reach-warmup-relay-2026-05-21-a2-fresh.csv --state Connecticut
Input rows: 20
Fresh rows kept: 20
Removed rows: 0
Fresh CSV: tmp-reach-warmup-relay-2026-05-21-a2-fresh.csv
Removed CSV: tmp-reach-warmup-relay-2026-05-21-a2-fresh-removed.csv
No GHL API calls were made. This is CSV filtering only.

> node scripts/verify-reach-emails.mjs --provider neverbounce --csv tmp-reach-warmup-relay-2026-05-21-a2-fresh.csv --out tmp-reach-warmup-relay-2026-05-21-a2-verified.csv --report tmp-reach-warmup-relay-2026-05-21-a2-verified-report.json
Loaded 20 rows from tmp-reach-warmup-relay-2026-05-21-a2-fresh.csv.
KEEP surgery@criticalvet.com valid
KEEP info@vecofcanton.com valid
REMOVE trina@foothillvet.com invalid
KEEP justina_marie54@hotmail.com valid
KEEP mooschue@gmail.com valid
KEEP r.perez@ctvetcenter.com valid
REMOVE c.holder@ctvetcenter.com invalid
REMOVE webmaster@veternet.com unknown
KEEP ravenribbs@gmail.com valid
KEEP mpapero3@aol.com valid
KEEP twilightgo@aol.com valid
KEEP internship@piepervet.com valid
KEEP cruggiero@piepervet.com valid
KEEP kkimball@piepervet.com valid
KEEP hartman.347@gmail.com valid
KEEP angie@uga.edu valid
KEEP dbussewitz@gmail.com valid
REMOVE david@veg.com unknown
REMOVE bloodbank@veg.vet unknown
REMOVE asheville@veg.vet unknown

Input: 20
Kept: 14
Removed: 6
Verified CSV: tmp-reach-warmup-relay-2026-05-21-a2-verified.csv
Verification report: tmp-reach-warmup-relay-2026-05-21-a2-verified-report.json

> node scripts/reach-quality-review.mjs --lane relay --csv tmp-reach-warmup-relay-2026-05-21-a2-verified.csv --out tmp-reach-warmup-relay-2026-05-21-a2-qa.csv
Rows reviewed: 14
OK rows: 1
Review rows: 13
QA CSV: tmp-reach-warmup-relay-2026-05-21-a2-qa.csv
QA report: /home/runner/work/aoh-website/aoh-website/docs/client-ops-ledger/outbox/reach-relay-quality-2026-05-21.md

> node scripts/launch-reach-campaign.mjs --lane relay --industry HVAC contractor --area Connecticut --limit 20 --timeout-ms 120000 --out tmp-reach-warmup-relay-2026-05-21-a3.json
Scraping Outscraper query: HVAC contractor, Connecticut, USA
Limit: 20. Enrichment: contacts_n_leads.
Prepared 20 Relay prospects.
Saved normalized prospects to tmp-reach-warmup-relay-2026-05-21-a3.json.

DRY RUN ONLY. Nothing was added to GHL.
Review the output file, then rerun with --commit.
To also start the drip, add --start-drip.

Sample:
- Total Mechanical Systems <rm221@hotmail.com> Plainville Connecticut
- Total Mechanical Systems <andre@harphomeservices.com> Plainville Connecticut
- Total Mechanical Systems <acorjulo@tmscomfort.com> Plainville Connecticut

> node scripts/reach-json-to-csv.mjs --input tmp-reach-warmup-relay-2026-05-21-a3.json --out tmp-reach-warmup-relay-2026-05-21-a3-clean.csv
Input JSON rows: 20
CSV written: tmp-reach-warmup-relay-2026-05-21-a3-clean.csv

> node scripts/reach-filter-fresh-prospects.mjs --lane relay --csv tmp-reach-warmup-relay-2026-05-21-a3-clean.csv --out tmp-reach-warmup-relay-2026-05-21-a3-fresh.csv --state Connecticut
Input rows: 20
Fresh rows kept: 20
Removed rows: 0
Fresh CSV: tmp-reach-warmup-relay-2026-05-21-a3-fresh.csv
Removed CSV: tmp-reach-warmup-relay-2026-05-21-a3-fresh-removed.csv
No GHL API calls were made. This is CSV filtering only.

> node scripts/verify-reach-emails.mjs --provider neverbounce --csv tmp-reach-warmup-relay-2026-05-21-a3-fresh.csv --out tmp-reach-warmup-relay-2026-05-21-a3-verified.csv --report tmp-reach-warmup-relay-2026-05-21-a3-verified-report.json
Loaded 20 rows from tmp-reach-warmup-relay-2026-05-21-a3-fresh.csv.
KEEP rm221@hotmail.com valid
REMOVE andre@harphomeservices.com invalid
REMOVE acorjulo@tmscomfort.com invalid
KEEP cthvacservices@gmail.com valid
REMOVE r.tyler@tylerair.com invalid
REMOVE alexis@tylerair.com invalid
KEEP cindammort@aol.com valid
REMOVE kathynoiseux@mac.com unknown
KEEP cdl.lundgren@gmail.com valid
REMOVE cassie@dynamichvac.net unknown
KEEP blaporta08@yahoo.com valid
REMOVE redgerton@edgertonhvac.com catchall
REMOVE dstott@edgertonhvac.com catchall
KEEP service@yourservicestars.com valid
REMOVE info@servicestars.com invalid
KEEP ron52183@gmail.com valid
REMOVE l.piombo@americanheatingservice.com invalid
KEEP team@latofonts.com valid
KEEP badgerboysrq@aol.com valid
REMOVE r.burg@badgerbobs.com invalid

Input: 20
Kept: 9
Removed: 11
Verified CSV: tmp-reach-warmup-relay-2026-05-21-a3-verified.csv
Verification report: tmp-reach-warmup-relay-2026-05-21-a3-verified-report.json

> node scripts/reach-quality-review.mjs --lane relay --csv tmp-reach-warmup-relay-2026-05-21-a3-verified.csv --out tmp-reach-warmup-relay-2026-05-21-a3-qa.csv
Rows reviewed: 9
OK rows: 1
Review rows: 8
QA CSV: tmp-reach-warmup-relay-2026-05-21-a3-qa.csv
QA report: /home/runner/work/aoh-website/aoh-website/docs/client-ops-ledger/outbox/reach-relay-quality-2026-05-21.md

Relay report: /home/runner/work/aoh-website/aoh-website/docs/client-ops-ledger/outbox/reach-warmup-relay-2026-05-21.md

Warmup summary: /home/runner/work/aoh-website/aoh-website/docs/client-ops-ledger/outbox/reach-warmup-summary-2026-05-21.md
Done.
