
> aoh-website@0.1.0 reach:warmup
> node scripts/reach-warmup-autopilot.mjs --lane all --execute auto --allow-scrape-spend


Reviews report: /home/runner/work/aoh-website/aoh-website/docs/client-ops-ledger/outbox/reach-warmup-reviews-2026-05-27.md

AI Visibility report: /home/runner/work/aoh-website/aoh-website/docs/client-ops-ledger/outbox/reach-warmup-ai-2026-05-27.md

> node scripts/launch-reach-campaign.mjs --lane relay --industry HVAC contractor --area Massachusetts --limit 20 --timeout-ms 120000 --out tmp-reach-warmup-relay-2026-05-27-a32.json
Scraping Outscraper query: HVAC contractor, Massachusetts, USA
Limit: 20. Enrichment: contacts_n_leads.
Prepared 20 Relay prospects.
Saved normalized prospects to tmp-reach-warmup-relay-2026-05-27-a32.json.

DRY RUN ONLY. Nothing was added to GHL.
Review the output file, then rerun with --commit.
To also start the drip, add --start-drip.

Sample:
- Atlantic Heating & Air Conditioning <joniorio@atlantic-heat.com> Brookline Massachusetts
- New England Ductless <cbullock119@gmail.com> Weymouth Massachusetts
- New England Ductless <aleksandra@newenglandductless.com> Weymouth Massachusetts

> node scripts/reach-json-to-csv.mjs --input tmp-reach-warmup-relay-2026-05-27-a32.json --out tmp-reach-warmup-relay-2026-05-27-a32-clean.csv
Input JSON rows: 20
CSV written: tmp-reach-warmup-relay-2026-05-27-a32-clean.csv

> node scripts/reach-filter-fresh-prospects.mjs --lane relay --csv tmp-reach-warmup-relay-2026-05-27-a32-clean.csv --out tmp-reach-warmup-relay-2026-05-27-a32-fresh.csv --state Massachusetts
Input rows: 20
Fresh rows kept: 20
Removed rows: 0
Fresh CSV: tmp-reach-warmup-relay-2026-05-27-a32-fresh.csv
Removed CSV: tmp-reach-warmup-relay-2026-05-27-a32-fresh-removed.csv
No GHL API calls were made. This is CSV filtering only.

> node scripts/verify-reach-emails.mjs --provider neverbounce --csv tmp-reach-warmup-relay-2026-05-27-a32-fresh.csv --out tmp-reach-warmup-relay-2026-05-27-a32-verified.csv --report tmp-reach-warmup-relay-2026-05-27-a32-verified-report.json
Loaded 20 rows from tmp-reach-warmup-relay-2026-05-27-a32-fresh.csv.
KEEP joniorio@atlantic-heat.com valid
KEEP cbullock119@gmail.com valid
REMOVE aleksandra@newenglandductless.com unknown
REMOVE elton@newenglandductless.com unknown
REMOVE epollack@tabreed.com invalid
KEEP mcaples@centralcooling.com valid
REMOVE epollack@centralr.com unknown
REMOVE info@peboston.com unknown
KEEP contact@kenhvacservice.com valid
KEEP mysmartclimate@gmail.com valid
KEEP info@mysmartclimate.com valid
REMOVE info@nehvacpros.com catchall
KEEP armusinfo@gmail.com valid
KEEP info@armusmech.net valid
KEEP jmahonhvac@gmail.com valid
KEEP info@hampdenhvac.com valid
REMOVE rich.vito@suburban-hvac.com unknown
REMOVE michaud@nemsi.com catchall
REMOVE richard.vito@suburban-hvac.com unknown
KEEP service@nshvacr.com valid

Input: 20
Kept: 11
Removed: 9
Verified CSV: tmp-reach-warmup-relay-2026-05-27-a32-verified.csv
Verification report: tmp-reach-warmup-relay-2026-05-27-a32-verified-report.json

> node scripts/reach-quality-review.mjs --lane relay --csv tmp-reach-warmup-relay-2026-05-27-a32-verified.csv --out tmp-reach-warmup-relay-2026-05-27-a32-qa.csv
Rows reviewed: 11
OK rows: 5
Review rows: 6
QA CSV: tmp-reach-warmup-relay-2026-05-27-a32-qa.csv
QA report: /home/runner/work/aoh-website/aoh-website/docs/client-ops-ledger/outbox/reach-relay-quality-2026-05-27.md

> node scripts/launch-reach-campaign.mjs --lane relay --industry veterinary --area Connecticut --limit 20 --timeout-ms 120000 --out tmp-reach-warmup-relay-2026-05-27-a33.json
Scraping Outscraper query: veterinary, Connecticut, USA
Limit: 20. Enrichment: contacts_n_leads.
Prepared 20 Relay prospects.
Saved normalized prospects to tmp-reach-warmup-relay-2026-05-27-a33.json.

DRY RUN ONLY. Nothing was added to GHL.
Review the output file, then rerun with --commit.
To also start the drip, add --start-drip.

Sample:
- Vinegar Hill Veterinary Group- Dumbo <vhpets@gmail.com> Brooklyn New York
- Vinegar Hill Veterinary Group- Dumbo <sgowda@vhvetgroup.com> Brooklyn New York
- Vinegar Hill Veterinary Group- Dumbo <orlaith@vhvetgroup.com> Brooklyn New York

> node scripts/reach-json-to-csv.mjs --input tmp-reach-warmup-relay-2026-05-27-a33.json --out tmp-reach-warmup-relay-2026-05-27-a33-clean.csv
Input JSON rows: 20
CSV written: tmp-reach-warmup-relay-2026-05-27-a33-clean.csv

> node scripts/reach-filter-fresh-prospects.mjs --lane relay --csv tmp-reach-warmup-relay-2026-05-27-a33-clean.csv --out tmp-reach-warmup-relay-2026-05-27-a33-fresh.csv --state Connecticut
Input rows: 20
Fresh rows kept: 2
Removed rows: 18
Fresh CSV: tmp-reach-warmup-relay-2026-05-27-a33-fresh.csv
Removed CSV: tmp-reach-warmup-relay-2026-05-27-a33-fresh-removed.csv
No GHL API calls were made. This is CSV filtering only.

> node scripts/verify-reach-emails.mjs --provider neverbounce --csv tmp-reach-warmup-relay-2026-05-27-a33-fresh.csv --out tmp-reach-warmup-relay-2026-05-27-a33-verified.csv --report tmp-reach-warmup-relay-2026-05-27-a33-verified-report.json
Loaded 2 rows from tmp-reach-warmup-relay-2026-05-27-a33-fresh.csv.
REMOVE info@vec.com catchall
REMOVE c.holder@ctvetcenter.com invalid

Input: 2
Kept: 0
Removed: 2
Verified CSV: tmp-reach-warmup-relay-2026-05-27-a33-verified.csv
Verification report: tmp-reach-warmup-relay-2026-05-27-a33-verified-report.json

> node scripts/reach-quality-review.mjs --lane relay --csv tmp-reach-warmup-relay-2026-05-27-a33-verified.csv --out tmp-reach-warmup-relay-2026-05-27-a33-qa.csv
Rows reviewed: 0
OK rows: 0
Review rows: 0
QA CSV: tmp-reach-warmup-relay-2026-05-27-a33-qa.csv
QA report: /home/runner/work/aoh-website/aoh-website/docs/client-ops-ledger/outbox/reach-relay-quality-2026-05-27.md

> node scripts/launch-reach-campaign.mjs --lane relay --industry emergency veterinary --area Connecticut --limit 20 --timeout-ms 120000 --out tmp-reach-warmup-relay-2026-05-27-a34.json
Scraping Outscraper query: emergency veterinary, Connecticut, USA
Limit: 20. Enrichment: contacts_n_leads.
Prepared 20 Relay prospects.
Saved normalized prospects to tmp-reach-warmup-relay-2026-05-27-a34.json.

DRY RUN ONLY. Nothing was added to GHL.
Review the output file, then rerun with --commit.
To also start the drip, add --start-drip.

Sample:
- Veterinary Emergency Center <surgery@criticalvet.com> Canton Connecticut
- Veterinary Emergency Center <info@vecofcanton.com> Canton Connecticut
- Connecticut Veterinary Center <r.perez@ctvetcenter.com> West Hartford Connecticut

> node scripts/reach-json-to-csv.mjs --input tmp-reach-warmup-relay-2026-05-27-a34.json --out tmp-reach-warmup-relay-2026-05-27-a34-clean.csv
Input JSON rows: 20
CSV written: tmp-reach-warmup-relay-2026-05-27-a34-clean.csv

> node scripts/reach-filter-fresh-prospects.mjs --lane relay --csv tmp-reach-warmup-relay-2026-05-27-a34-clean.csv --out tmp-reach-warmup-relay-2026-05-27-a34-fresh.csv --state Connecticut
Input rows: 20
Fresh rows kept: 16
Removed rows: 4
Fresh CSV: tmp-reach-warmup-relay-2026-05-27-a34-fresh.csv
Removed CSV: tmp-reach-warmup-relay-2026-05-27-a34-fresh-removed.csv
No GHL API calls were made. This is CSV filtering only.

> node scripts/verify-reach-emails.mjs --provider neverbounce --csv tmp-reach-warmup-relay-2026-05-27-a34-fresh.csv --out tmp-reach-warmup-relay-2026-05-27-a34-verified.csv --report tmp-reach-warmup-relay-2026-05-27-a34-verified-report.json
Loaded 16 rows from tmp-reach-warmup-relay-2026-05-27-a34-fresh.csv.
KEEP surgery@criticalvet.com valid
KEEP info@vecofcanton.com valid
REMOVE c.holder@ctvetcenter.com invalid
REMOVE webmaster@veternet.com unknown
REMOVE trina@foothillvet.com invalid
KEEP justina_marie54@hotmail.com valid
KEEP mooschue@gmail.com valid
KEEP ravenribbs@gmail.com valid
KEEP mpapero3@aol.com valid
KEEP twilightgo@aol.com valid
KEEP internship@piepervet.com valid
KEEP cruggiero@piepervet.com valid
KEEP kkimball@piepervet.com valid
KEEP veterinaryurgentandwellcare@gmail.com valid
KEEP vsatyender@gmail.com valid
REMOVE hselenke@nevccc.com invalid

Input: 16
Kept: 12
Removed: 4
Verified CSV: tmp-reach-warmup-relay-2026-05-27-a34-verified.csv
Verification report: tmp-reach-warmup-relay-2026-05-27-a34-verified-report.json

> node scripts/reach-quality-review.mjs --lane relay --csv tmp-reach-warmup-relay-2026-05-27-a34-verified.csv --out tmp-reach-warmup-relay-2026-05-27-a34-qa.csv
Rows reviewed: 12
OK rows: 0
Review rows: 12
QA CSV: tmp-reach-warmup-relay-2026-05-27-a34-qa.csv
QA report: /home/runner/work/aoh-website/aoh-website/docs/client-ops-ledger/outbox/reach-relay-quality-2026-05-27.md

> node scripts/launch-reach-campaign.mjs --lane relay --industry HVAC contractor --area Connecticut --limit 20 --timeout-ms 120000 --out tmp-reach-warmup-relay-2026-05-27-a35.json
Scraping Outscraper query: HVAC contractor, Connecticut, USA
Limit: 20. Enrichment: contacts_n_leads.
Prepared 20 Relay prospects.
Saved normalized prospects to tmp-reach-warmup-relay-2026-05-27-a35.json.

DRY RUN ONLY. Nothing was added to GHL.
Review the output file, then rerun with --commit.
To also start the drip, add --start-drip.

Sample:
- Connecticut HVAC Services llc <cthvacservices@gmail.com> East Lyme Connecticut
- Total Mechanical Systems <rm221@hotmail.com> Plainville Connecticut
- Total Mechanical Systems <andre@harphomeservices.com> Plainville Connecticut

> node scripts/reach-json-to-csv.mjs --input tmp-reach-warmup-relay-2026-05-27-a35.json --out tmp-reach-warmup-relay-2026-05-27-a35-clean.csv
Input JSON rows: 20
CSV written: tmp-reach-warmup-relay-2026-05-27-a35-clean.csv

> node scripts/reach-filter-fresh-prospects.mjs --lane relay --csv tmp-reach-warmup-relay-2026-05-27-a35-clean.csv --out tmp-reach-warmup-relay-2026-05-27-a35-fresh.csv --state Connecticut
Input rows: 20
Fresh rows kept: 20
Removed rows: 0
Fresh CSV: tmp-reach-warmup-relay-2026-05-27-a35-fresh.csv
Removed CSV: tmp-reach-warmup-relay-2026-05-27-a35-fresh-removed.csv
No GHL API calls were made. This is CSV filtering only.

> node scripts/verify-reach-emails.mjs --provider neverbounce --csv tmp-reach-warmup-relay-2026-05-27-a35-fresh.csv --out tmp-reach-warmup-relay-2026-05-27-a35-verified.csv --report tmp-reach-warmup-relay-2026-05-27-a35-verified-report.json
Loaded 20 rows from tmp-reach-warmup-relay-2026-05-27-a35-fresh.csv.
KEEP cthvacservices@gmail.com valid
KEEP rm221@hotmail.com valid
REMOVE andre@harphomeservices.com invalid
REMOVE acorjulo@tmscomfort.com invalid
REMOVE cps@ctpsych.org invalid
REMOVE info@ctcoolingandheating.com invalid
KEEP ctcooling@yahoo.com valid
KEEP ron52183@gmail.com valid
REMOVE l.piombo@americanheatingservice.com invalid
KEEP team@latofonts.com valid
KEEP mike@climatechmechanical.com valid
KEEP joe@climatechmechanical.com valid
REMOVE m.naski@climatechmechanical.com invalid
REMOVE kathynoiseux@mac.com unknown
KEEP cdl.lundgren@gmail.com valid
REMOVE cassie@dynamichvac.net unknown
KEEP badgerboysrq@aol.com valid
REMOVE r.burg@badgerbobs.com invalid
REMOVE bob@badgerbobs.com invalid
REMOVE r.tyler@tylerair.com invalid

Input: 20
Kept: 9
Removed: 11
Verified CSV: tmp-reach-warmup-relay-2026-05-27-a35-verified.csv
Verification report: tmp-reach-warmup-relay-2026-05-27-a35-verified-report.json

> node scripts/reach-quality-review.mjs --lane relay --csv tmp-reach-warmup-relay-2026-05-27-a35-verified.csv --out tmp-reach-warmup-relay-2026-05-27-a35-qa.csv
Rows reviewed: 9
OK rows: 0
Review rows: 9
QA CSV: tmp-reach-warmup-relay-2026-05-27-a35-qa.csv
QA report: /home/runner/work/aoh-website/aoh-website/docs/client-ops-ledger/outbox/reach-relay-quality-2026-05-27.md

> node scripts/launch-reach-campaign.mjs --lane relay --industry plumber --area Connecticut --limit 20 --timeout-ms 120000 --out tmp-reach-warmup-relay-2026-05-27-a36.json
Scraping Outscraper query: plumber, Connecticut, USA
Limit: 20. Enrichment: contacts_n_leads.
Prepared 20 Relay prospects.
Saved normalized prospects to tmp-reach-warmup-relay-2026-05-27-a36.json.

DRY RUN ONLY. Nothing was added to GHL.
Review the output file, then rerun with --commit.
To also start the drip, add --start-drip.

Sample:
- JNR Plumbing LLC <jason@jnrplumbing.com> Stamford Connecticut
- JNR Plumbing LLC <info@nwsewer.com> Stamford Connecticut
- JNR Plumbing LLC <jnrplumbingllc@gmail.com> Stamford Connecticut

> node scripts/reach-json-to-csv.mjs --input tmp-reach-warmup-relay-2026-05-27-a36.json --out tmp-reach-warmup-relay-2026-05-27-a36-clean.csv
Input JSON rows: 20
CSV written: tmp-reach-warmup-relay-2026-05-27-a36-clean.csv

> node scripts/reach-filter-fresh-prospects.mjs --lane relay --csv tmp-reach-warmup-relay-2026-05-27-a36-clean.csv --out tmp-reach-warmup-relay-2026-05-27-a36-fresh.csv --state Connecticut
Input rows: 20
Fresh rows kept: 17
Removed rows: 3
Fresh CSV: tmp-reach-warmup-relay-2026-05-27-a36-fresh.csv
Removed CSV: tmp-reach-warmup-relay-2026-05-27-a36-fresh-removed.csv
No GHL API calls were made. This is CSV filtering only.

> node scripts/verify-reach-emails.mjs --provider neverbounce --csv tmp-reach-warmup-relay-2026-05-27-a36-fresh.csv --out tmp-reach-warmup-relay-2026-05-27-a36-verified.csv --report tmp-reach-warmup-relay-2026-05-27-a36-verified-report.json
Loaded 17 rows from tmp-reach-warmup-relay-2026-05-27-a36-fresh.csv.
REMOVE jason@jnrplumbing.com invalid
REMOVE info@nwsewer.com invalid
REMOVE jnrplumbingllc@gmail.com invalid
KEEP azplumbers@aol.com valid
KEEP ncfazzinoplumbing@gmail.com valid
KEEP csr@bfplumbingct.com valid
REMOVE info@pickwickpros.com catchall
KEEP allstateplumbingct@gmail.com valid
REMOVE office@onzescph.com catchall
KEEP escapeplumbing@optonline.net valid
KEEP escapeplumbing@gmail.com valid
KEEP jetplumbingct@gmail.com valid
REMOVE info@jetplumbingct.com unknown
KEEP sdrplumbing@optonline.net valid
REMOVE vanessa@sdrplumbing.com catchall
REMOVE lori@sdrplumbing.com catchall
REMOVE m.b@mrrootersea.com invalid

Input: 17
Kept: 8
Removed: 9
Verified CSV: tmp-reach-warmup-relay-2026-05-27-a36-verified.csv
Verification report: tmp-reach-warmup-relay-2026-05-27-a36-verified-report.json

> node scripts/reach-quality-review.mjs --lane relay --csv tmp-reach-warmup-relay-2026-05-27-a36-verified.csv --out tmp-reach-warmup-relay-2026-05-27-a36-qa.csv
Rows reviewed: 8
OK rows: 0
Review rows: 8
QA CSV: tmp-reach-warmup-relay-2026-05-27-a36-qa.csv
QA report: /home/runner/work/aoh-website/aoh-website/docs/client-ops-ledger/outbox/reach-relay-quality-2026-05-27.md

Relay report: /home/runner/work/aoh-website/aoh-website/docs/client-ops-ledger/outbox/reach-warmup-relay-2026-05-27.md

Warmup summary: /home/runner/work/aoh-website/aoh-website/docs/client-ops-ledger/outbox/reach-warmup-summary-2026-05-27.md
Done.
