
> aoh-website@0.1.0 reach:warmup
> node scripts/reach-warmup-autopilot.mjs --lane ai --execute auto


> node scripts/launch-reach-campaign.mjs --lane ai --industry senior living --area Connecticut --limit 20 --timeout-ms 120000 --out tmp-reach-warmup-ai-2026-05-20-a1.json
Scraping Outscraper query: senior living, Connecticut, USA
Limit: 20. Enrichment: contacts_n_leads.
Prepared 20 AI Visibility prospects.
Saved normalized prospects to tmp-reach-warmup-ai-2026-05-20-a1.json.

DRY RUN ONLY. Nothing was added to GHL.
Review the output file, then rerun with --commit.
To also start the drip, add --start-drip.

Sample:
- Inspīr Carnegie Hill <inspirinfo@maplewoodsl.com> New York New York
- Inspīr Carnegie Hill <jane@inspirseniorliving.com> New York New York
- Meadow Ridge <msgilles@optonline.net> Redding Connecticut

> node scripts/reach-json-to-csv.mjs --input tmp-reach-warmup-ai-2026-05-20-a1.json --out tmp-reach-warmup-ai-2026-05-20-a1-clean.csv
Input JSON rows: 20
CSV written: tmp-reach-warmup-ai-2026-05-20-a1-clean.csv

> node scripts/reach-filter-fresh-prospects.mjs --lane ai --csv tmp-reach-warmup-ai-2026-05-20-a1-clean.csv --out tmp-reach-warmup-ai-2026-05-20-a1-fresh.csv --state Connecticut
Input rows: 20
Fresh rows kept: 15
Removed rows: 5
Fresh CSV: tmp-reach-warmup-ai-2026-05-20-a1-fresh.csv
Removed CSV: tmp-reach-warmup-ai-2026-05-20-a1-fresh-removed.csv
No GHL API calls were made. This is CSV filtering only.

> node scripts/verify-reach-emails.mjs --provider neverbounce --csv tmp-reach-warmup-ai-2026-05-20-a1-fresh.csv --out tmp-reach-warmup-ai-2026-05-20-a1-verified.csv --report tmp-reach-warmup-ai-2026-05-20-a1-verified-report.json
Loaded 15 rows from tmp-reach-warmup-ai-2026-05-20-a1-fresh.csv.
REMOVE msgilles@optonline.net invalid
KEEP carolyn@ruckusmediagroup.com valid
KEEP westies2001@yahoo.com valid
REMOVE info@bvsl.net unknown
REMOVE descalante@bvsl.net unknown
REMOVE karrington@bvsl.net unknown
REMOVE a.orourke@edgehillcommunity.com unknown
REMOVE lincolnheights-don@emeritus.com unknown
REMOVE jane.hirsch@marriott.com catchall
KEEP bellevue.boc@sunriseseniorliving.com valid
KEEP llarkin@slr-usa.com valid
REMOVE ssweeney@slr-usa.com invalid
KEEP nheimrath@slr-usa.com valid
KEEP llepage@lcbseniorliving.com valid
REMOVE kevin.carkey@marriott.com catchall

Input: 15
Kept: 6
Removed: 9
Verified CSV: tmp-reach-warmup-ai-2026-05-20-a1-verified.csv
Verification report: tmp-reach-warmup-ai-2026-05-20-a1-verified-report.json

> node scripts/reach-quality-review.mjs --lane ai --csv tmp-reach-warmup-ai-2026-05-20-a1-verified.csv --out tmp-reach-warmup-ai-2026-05-20-a1-qa.csv
Rows reviewed: 6
OK rows: 2
Review rows: 4
QA CSV: tmp-reach-warmup-ai-2026-05-20-a1-qa.csv
QA report: /home/runner/work/aoh-website/aoh-website/docs/client-ops-ledger/outbox/reach-ai-quality-2026-05-21.md

> node scripts/launch-reach-campaign.mjs --lane ai --industry assisted living --area Connecticut --limit 20 --timeout-ms 120000 --out tmp-reach-warmup-ai-2026-05-20-a2.json
Scraping Outscraper query: assisted living, Connecticut, USA
Limit: 20. Enrichment: contacts_n_leads.
Prepared 20 AI Visibility prospects.
Saved normalized prospects to tmp-reach-warmup-ai-2026-05-20-a2.json.

DRY RUN ONLY. Nothing was added to GHL.
Review the output file, then rerun with --commit.
To also start the drip, add --start-drip.

Sample:
- Evergreen Woods <andreabeth913@hotmail.com> North Branford Connecticut
- Evergreen Woods <h@gmail.com> North Branford Connecticut
- Evergreen Woods <apaprocki@evergreen-woods.com> North Branford Connecticut

> node scripts/reach-json-to-csv.mjs --input tmp-reach-warmup-ai-2026-05-20-a2.json --out tmp-reach-warmup-ai-2026-05-20-a2-clean.csv
Input JSON rows: 20
CSV written: tmp-reach-warmup-ai-2026-05-20-a2-clean.csv

> node scripts/reach-filter-fresh-prospects.mjs --lane ai --csv tmp-reach-warmup-ai-2026-05-20-a2-clean.csv --out tmp-reach-warmup-ai-2026-05-20-a2-fresh.csv --state Connecticut
Input rows: 20
Fresh rows kept: 20
Removed rows: 0
Fresh CSV: tmp-reach-warmup-ai-2026-05-20-a2-fresh.csv
Removed CSV: tmp-reach-warmup-ai-2026-05-20-a2-fresh-removed.csv
No GHL API calls were made. This is CSV filtering only.

> node scripts/verify-reach-emails.mjs --provider neverbounce --csv tmp-reach-warmup-ai-2026-05-20-a2-fresh.csv --out tmp-reach-warmup-ai-2026-05-20-a2-verified.csv --report tmp-reach-warmup-ai-2026-05-20-a2-verified-report.json
Loaded 20 rows from tmp-reach-warmup-ai-2026-05-20-a2-fresh.csv.
KEEP andreabeth913@hotmail.com valid
REMOVE h@gmail.com invalid
REMOVE apaprocki@evergreen-woods.com invalid
KEEP llepage@lcbseniorliving.com valid
REMOVE kevin.carkey@marriott.com catchall
REMOVE kfoley@benchmarkquality.com unknown
REMOVE info@bvsl.net unknown
REMOVE descalante@bvsl.net unknown
REMOVE karrington@bvsl.net unknown
REMOVE ron@shadyoaksassistedliving.com invalid
REMOVE v.belanger@shadyoaksassistedliving.com invalid
REMOVE jason.coppola@ct.gov unknown
KEEP ed@charterofchattanooga.com valid
KEEP ed@charterofwoodbridge.com valid
REMOVE mary.speed@comcast.net unknown
KEEP mespeed@yahoo.com valid
REMOVE bbernst@benchmarkquality.com unknown
KEEP gmayeran@maplewoodsl.com valid
KEEP mteague@maplewoodsl.com valid
KEEP katianne.rosbrough@gmail.com valid

Input: 20
Kept: 8
Removed: 12
Verified CSV: tmp-reach-warmup-ai-2026-05-20-a2-verified.csv
Verification report: tmp-reach-warmup-ai-2026-05-20-a2-verified-report.json

> node scripts/reach-quality-review.mjs --lane ai --csv tmp-reach-warmup-ai-2026-05-20-a2-verified.csv --out tmp-reach-warmup-ai-2026-05-20-a2-qa.csv
Rows reviewed: 8
OK rows: 1
Review rows: 7
QA CSV: tmp-reach-warmup-ai-2026-05-20-a2-qa.csv
QA report: /home/runner/work/aoh-website/aoh-website/docs/client-ops-ledger/outbox/reach-ai-quality-2026-05-21.md

> node scripts/launch-reach-campaign.mjs --lane ai --industry med spa --area Connecticut --limit 20 --timeout-ms 120000 --out tmp-reach-warmup-ai-2026-05-20-a3.json
Scraping Outscraper query: med spa, Connecticut, USA
Limit: 20. Enrichment: contacts_n_leads.
Prepared 20 AI Visibility prospects.
Saved normalized prospects to tmp-reach-warmup-ai-2026-05-20-a3.json.

DRY RUN ONLY. Nothing was added to GHL.
Review the output file, then rerun with --commit.
To also start the drip, add --start-drip.

Sample:
- Milford Med Spa <hello@hhp.sprucecare.com> Milford Connecticut
- Milford Med Spa <frontdesk@holistichealingpartners.com> Milford Connecticut
- Pure Skin MedSpa <jenna@ctskin.com> Southington Connecticut

> node scripts/reach-json-to-csv.mjs --input tmp-reach-warmup-ai-2026-05-20-a3.json --out tmp-reach-warmup-ai-2026-05-20-a3-clean.csv
Input JSON rows: 20
CSV written: tmp-reach-warmup-ai-2026-05-20-a3-clean.csv

> node scripts/reach-filter-fresh-prospects.mjs --lane ai --csv tmp-reach-warmup-ai-2026-05-20-a3-clean.csv --out tmp-reach-warmup-ai-2026-05-20-a3-fresh.csv --state Connecticut
Input rows: 20
Fresh rows kept: 20
Removed rows: 0
Fresh CSV: tmp-reach-warmup-ai-2026-05-20-a3-fresh.csv
Removed CSV: tmp-reach-warmup-ai-2026-05-20-a3-fresh-removed.csv
No GHL API calls were made. This is CSV filtering only.

> node scripts/verify-reach-emails.mjs --provider neverbounce --csv tmp-reach-warmup-ai-2026-05-20-a3-fresh.csv --out tmp-reach-warmup-ai-2026-05-20-a3-verified.csv --report tmp-reach-warmup-ai-2026-05-20-a3-verified-report.json
Loaded 20 rows from tmp-reach-warmup-ai-2026-05-20-a3-fresh.csv.
REMOVE hello@hhp.sprucecare.com catchall
KEEP frontdesk@holistichealingpartners.com valid
KEEP jenna@ctskin.com valid
KEEP info@ctskin.com valid
KEEP jennifer@ctskin.com valid
REMOVE michelle@samaramedspa.com invalid
KEEP info@samaramedspa.com valid
KEEP christian@samaramedspa.com valid
KEEP blushmedspact@gmail.com valid
REMOVE blush.institute@gmail.com invalid
REMOVE blushbykay@gmail.com invalid
KEEP thebellamedicalspa@gmail.com valid
REMOVE marria@momtaz.com unknown
KEEP yourskinspecialist@greenwichmedicalspa.com valid
KEEP greenwichmedicalmassage@gmail.com valid
KEEP callahanscott@msn.com valid
KEEP customerservice@dvmedspa.com valid
KEEP officemanager@dvmedspa.com valid
KEEP feelgood@ctfacialmedspa.com valid
REMOVE ashleydouglas0806@gmail.com unknown

Input: 20
Kept: 14
Removed: 6
Verified CSV: tmp-reach-warmup-ai-2026-05-20-a3-verified.csv
Verification report: tmp-reach-warmup-ai-2026-05-20-a3-verified-report.json

> node scripts/reach-quality-review.mjs --lane ai --csv tmp-reach-warmup-ai-2026-05-20-a3-verified.csv --out tmp-reach-warmup-ai-2026-05-20-a3-qa.csv
Rows reviewed: 14
OK rows: 2
Review rows: 12
QA CSV: tmp-reach-warmup-ai-2026-05-20-a3-qa.csv
QA report: /home/runner/work/aoh-website/aoh-website/docs/client-ops-ledger/outbox/reach-ai-quality-2026-05-21.md

> node scripts/launch-reach-campaign.mjs --lane ai --industry chiropractor --area Connecticut --limit 20 --timeout-ms 120000 --out tmp-reach-warmup-ai-2026-05-20-a4.json
Scraping Outscraper query: chiropractor, Connecticut, USA
Limit: 20. Enrichment: contacts_n_leads.
Prepared 20 AI Visibility prospects.
Saved normalized prospects to tmp-reach-warmup-ai-2026-05-20-a4.json.

DRY RUN ONLY. Nothing was added to GHL.
Review the output file, then rerun with --commit.
To also start the drip, add --start-drip.

Sample:
- Fishion Therapy Center <amkryukov@gmail.com> New York New York
- Fishion Therapy Center <hello@rfuenzalida.com> New York New York
- Fishion Therapy Center <matt@pixelspread.com> New York New York

> node scripts/reach-json-to-csv.mjs --input tmp-reach-warmup-ai-2026-05-20-a4.json --out tmp-reach-warmup-ai-2026-05-20-a4-clean.csv
Input JSON rows: 20
CSV written: tmp-reach-warmup-ai-2026-05-20-a4-clean.csv

> node scripts/reach-filter-fresh-prospects.mjs --lane ai --csv tmp-reach-warmup-ai-2026-05-20-a4-clean.csv --out tmp-reach-warmup-ai-2026-05-20-a4-fresh.csv --state Connecticut
Input rows: 20
Fresh rows kept: 16
Removed rows: 4
Fresh CSV: tmp-reach-warmup-ai-2026-05-20-a4-fresh.csv
Removed CSV: tmp-reach-warmup-ai-2026-05-20-a4-fresh-removed.csv
No GHL API calls were made. This is CSV filtering only.

> node scripts/verify-reach-emails.mjs --provider neverbounce --csv tmp-reach-warmup-ai-2026-05-20-a4-fresh.csv --out tmp-reach-warmup-ai-2026-05-20-a4-verified.csv --report tmp-reach-warmup-ai-2026-05-20-a4-verified-report.json
Loaded 16 rows from tmp-reach-warmup-ai-2026-05-20-a4-fresh.csv.
REMOVE info@ctspinecenter.com unknown
KEEP ctspinecenter@gmail.com valid
KEEP team@glastonburychiro.com valid
REMOVE keith@treatmenttrainingwellness.com unknown
KEEP drpaterna@yahoo.com valid
REMOVE ocrmail@hhs.gov catchall
KEEP drbrianmurphy@yahoo.com valid
REMOVE support@stamfordspine.com unknown
KEEP connecticutspine@gmail.com valid
KEEP ivyhick@gmail.com valid
REMOVE info@mchiropractic.com unknown
REMOVE donette@mchiropractic.com unknown
KEEP drdrew@drpesale.com valid
REMOVE dc@checkyourspine.com invalid
KEEP micah@micahrich.com valid
REMOVE info@chiropracticnewhaven.com unknown

Input: 16
Kept: 8
Removed: 8
Verified CSV: tmp-reach-warmup-ai-2026-05-20-a4-verified.csv
Verification report: tmp-reach-warmup-ai-2026-05-20-a4-verified-report.json

> node scripts/reach-quality-review.mjs --lane ai --csv tmp-reach-warmup-ai-2026-05-20-a4-verified.csv --out tmp-reach-warmup-ai-2026-05-20-a4-qa.csv
Rows reviewed: 8
OK rows: 3
Review rows: 5
QA CSV: tmp-reach-warmup-ai-2026-05-20-a4-qa.csv
QA report: /home/runner/work/aoh-website/aoh-website/docs/client-ops-ledger/outbox/reach-ai-quality-2026-05-21.md

> node scripts/launch-reach-campaign.mjs --lane ai --industry law firm --area Connecticut --limit 20 --timeout-ms 120000 --out tmp-reach-warmup-ai-2026-05-20-a5.json
Scraping Outscraper query: law firm, Connecticut, USA
Limit: 20. Enrichment: contacts_n_leads.
Prepared 20 AI Visibility prospects.
Saved normalized prospects to tmp-reach-warmup-ai-2026-05-20-a5.json.

DRY RUN ONLY. Nothing was added to GHL.
Review the output file, then rerun with --commit.
To also start the drip, add --start-drip.

Sample:
- Claggett, Sykes & Garza LLC <info@csgtrials.com> Farmington Connecticut
- Claggett, Sykes & Garza LLC <andrew@csgtrials.com> Farmington Connecticut
- Connecticut Injury Firm LLC <plevin@expertwitnessexchange.com> Hartford Connecticut

> node scripts/reach-json-to-csv.mjs --input tmp-reach-warmup-ai-2026-05-20-a5.json --out tmp-reach-warmup-ai-2026-05-20-a5-clean.csv
Input JSON rows: 20
CSV written: tmp-reach-warmup-ai-2026-05-20-a5-clean.csv

> node scripts/reach-filter-fresh-prospects.mjs --lane ai --csv tmp-reach-warmup-ai-2026-05-20-a5-clean.csv --out tmp-reach-warmup-ai-2026-05-20-a5-fresh.csv --state Connecticut
Input rows: 20
Fresh rows kept: 20
Removed rows: 0
Fresh CSV: tmp-reach-warmup-ai-2026-05-20-a5-fresh.csv
Removed CSV: tmp-reach-warmup-ai-2026-05-20-a5-fresh-removed.csv
No GHL API calls were made. This is CSV filtering only.

> node scripts/verify-reach-emails.mjs --provider neverbounce --csv tmp-reach-warmup-ai-2026-05-20-a5-fresh.csv --out tmp-reach-warmup-ai-2026-05-20-a5-verified.csv --report tmp-reach-warmup-ai-2026-05-20-a5-verified-report.json
Loaded 20 rows from tmp-reach-warmup-ai-2026-05-20-a5-fresh.csv.
KEEP info@csgtrials.com valid
KEEP andrew@csgtrials.com valid
KEEP plevin@expertwitnessexchange.com valid
KEEP plevin@connecticutinjuryhelp.com valid
KEEP boinkpl@gmail.com valid
REMOVE jfaspell@aspelllaw.com unknown
REMOVE aspell@aspelllaw.com invalid
REMOVE j.aspell@aspelllaw.com invalid
REMOVE berginfraser@snet.net unknown
REMOVE creyes@thefloodlawfirm.com invalid
REMOVE sjackson@thefloodlawfirm.com invalid
REMOVE j.welcome@welcomelawfirm.com invalid
KEEP contact@welcomelawfirm.com valid
KEEP jwelcome@welcomelawfirm.com valid
KEEP approaching.lightspeed@gmail.com valid
REMOVE chrisf@moz.com invalid
REMOVE josh@avvo.com catchall
KEEP michael@mchamberslaw.com valid
KEEP tavis@tindall-lawfirm.com valid
REMOVE matt@tindall-lawfirm.com invalid

Input: 20
Kept: 10
Removed: 10
Verified CSV: tmp-reach-warmup-ai-2026-05-20-a5-verified.csv
Verification report: tmp-reach-warmup-ai-2026-05-20-a5-verified-report.json

> node scripts/reach-quality-review.mjs --lane ai --csv tmp-reach-warmup-ai-2026-05-20-a5-verified.csv --out tmp-reach-warmup-ai-2026-05-20-a5-qa.csv
Rows reviewed: 10
OK rows: 2
Review rows: 8
QA CSV: tmp-reach-warmup-ai-2026-05-20-a5-qa.csv
QA report: /home/runner/work/aoh-website/aoh-website/docs/client-ops-ledger/outbox/reach-ai-quality-2026-05-21.md

> node scripts/launch-reach-campaign.mjs --lane ai --industry dental office --area Connecticut --limit 20 --timeout-ms 120000 --out tmp-reach-warmup-ai-2026-05-20-a6.json
Scraping Outscraper query: dental office, Connecticut, USA
Limit: 20. Enrichment: contacts_n_leads.
Prepared 20 AI Visibility prospects.
Saved normalized prospects to tmp-reach-warmup-ai-2026-05-20-a6.json.

DRY RUN ONLY. Nothing was added to GHL.
Review the output file, then rerun with --commit.
To also start the drip, add --start-drip.

Sample:
- CT Dental <providerdirectories@libertydentalplan.com> New York New York
- CT Dental <ctdentalstaff@gmail.com> New York New York
- CT Dental <nyctdental@gmail.com> New York New York

> node scripts/reach-json-to-csv.mjs --input tmp-reach-warmup-ai-2026-05-20-a6.json --out tmp-reach-warmup-ai-2026-05-20-a6-clean.csv
Input JSON rows: 20
CSV written: tmp-reach-warmup-ai-2026-05-20-a6-clean.csv

> node scripts/reach-filter-fresh-prospects.mjs --lane ai --csv tmp-reach-warmup-ai-2026-05-20-a6-clean.csv --out tmp-reach-warmup-ai-2026-05-20-a6-fresh.csv --state Connecticut
Input rows: 20
Fresh rows kept: 17
Removed rows: 3
Fresh CSV: tmp-reach-warmup-ai-2026-05-20-a6-fresh.csv
Removed CSV: tmp-reach-warmup-ai-2026-05-20-a6-fresh-removed.csv
No GHL API calls were made. This is CSV filtering only.

> node scripts/verify-reach-emails.mjs --provider neverbounce --csv tmp-reach-warmup-ai-2026-05-20-a6-fresh.csv --out tmp-reach-warmup-ai-2026-05-20-a6-verified.csv --report tmp-reach-warmup-ai-2026-05-20-a6-verified-report.json
Loaded 17 rows from tmp-reach-warmup-ai-2026-05-20-a6-fresh.csv.
REMOVE wsnyder@dentalassoc.com invalid
REMOVE kim.wells@snet.net unknown
KEEP annielucarelli1230@gmail.com valid
REMOVE info@centralctdental.com invalid
KEEP office@supremedentalct.com valid
REMOVE dds@smilekeepers.com unknown
REMOVE rlerman@griffinhealth.org unknown
KEEP jdwor83693@aol.com valid
KEEP tulsinama@gmail.com valid
KEEP as@ctfdental.com valid
KEEP info@ctfdental.com valid
REMOVE westhaven@generaldentalct.com invalid
REMOVE webmaster@generaldentalct.com invalid
KEEP info@centerdentaloffice.com valid
REMOVE spencer@smartdentallabs.com invalid
REMOVE hello@mcddental.com unknown
KEEP cdicomesdental@gmail.com valid

Input: 17
Kept: 8
Removed: 9
Verified CSV: tmp-reach-warmup-ai-2026-05-20-a6-verified.csv
Verification report: tmp-reach-warmup-ai-2026-05-20-a6-verified-report.json

> node scripts/reach-quality-review.mjs --lane ai --csv tmp-reach-warmup-ai-2026-05-20-a6-verified.csv --out tmp-reach-warmup-ai-2026-05-20-a6-qa.csv
Rows reviewed: 8
OK rows: 2
Review rows: 6
QA CSV: tmp-reach-warmup-ai-2026-05-20-a6-qa.csv
QA report: /home/runner/work/aoh-website/aoh-website/docs/client-ops-ledger/outbox/reach-ai-quality-2026-05-21.md

> node scripts/launch-reach-campaign.mjs --lane ai --industry senior living --area Westchester County NY --limit 20 --timeout-ms 120000 --out tmp-reach-warmup-ai-2026-05-20-a7.json
Scraping Outscraper query: senior living, Westchester County NY, USA
Limit: 20. Enrichment: contacts_n_leads.
Prepared 20 AI Visibility prospects.
Saved normalized prospects to tmp-reach-warmup-ai-2026-05-20-a7.json.

DRY RUN ONLY. Nothing was added to GHL.
Review the output file, then rerun with --commit.
To also start the drip, add --start-drip.

Sample:
- Westchester Center for Independent & Assisted Living <info@thewcenter.com> Yonkers New York
- Waterstone of Westchester <jkennedy@epochsl.com> White Plains New York
- Waterstone of Westchester <jbriggs@waterstoneatwellesley.com> White Plains New York

> node scripts/reach-json-to-csv.mjs --input tmp-reach-warmup-ai-2026-05-20-a7.json --out tmp-reach-warmup-ai-2026-05-20-a7-clean.csv
Input JSON rows: 20
CSV written: tmp-reach-warmup-ai-2026-05-20-a7-clean.csv

> node scripts/reach-filter-fresh-prospects.mjs --lane ai --csv tmp-reach-warmup-ai-2026-05-20-a7-clean.csv --out tmp-reach-warmup-ai-2026-05-20-a7-fresh.csv --state New York
Input rows: 20
Fresh rows kept: 20
Removed rows: 0
Fresh CSV: tmp-reach-warmup-ai-2026-05-20-a7-fresh.csv
Removed CSV: tmp-reach-warmup-ai-2026-05-20-a7-fresh-removed.csv
No GHL API calls were made. This is CSV filtering only.

> node scripts/verify-reach-emails.mjs --provider neverbounce --csv tmp-reach-warmup-ai-2026-05-20-a7-fresh.csv --out tmp-reach-warmup-ai-2026-05-20-a7-verified.csv --report tmp-reach-warmup-ai-2026-05-20-a7-verified-report.json
Loaded 20 rows from tmp-reach-warmup-ai-2026-05-20-a7-fresh.csv.
KEEP info@thewcenter.com valid
KEEP jkennedy@epochsl.com valid
REMOVE jbriggs@waterstoneatwellesley.com unknown
REMOVE plally@waterstoneatwellesley.com unknown
KEEP mpolanco@cslal.com valid
KEEP tomkranz1@gmail.com valid
REMOVE drobi@cslal.com catchall
REMOVE bmoynihan@thekensingtonal.com unknown
REMOVE cwatson@thekensingtonal.com unknown
REMOVE dtomlinson@thekensingtonwhiteplains.com unknown
REMOVE pmahan@goodneighborcare.com unknown
REMOVE lirtzmans@grandvictorianspringlake.com unknown
REMOVE dennisonl@grandvictorianspringlake.com unknown
REMOVE mary.speed@comcast.net unknown
KEEP mespeed@yahoo.com valid
REMOVE bbernst@benchmarkquality.com unknown
KEEP connieh@broadviewseniorliving.org valid
REMOVE donna.acosta@bethelwell.org catchall
REMOVE dorothy.parchment@bethelwell.org catchall
KEEP llomax@drumhill.org valid

Input: 20
Kept: 7
Removed: 13
Verified CSV: tmp-reach-warmup-ai-2026-05-20-a7-verified.csv
Verification report: tmp-reach-warmup-ai-2026-05-20-a7-verified-report.json

> node scripts/reach-quality-review.mjs --lane ai --csv tmp-reach-warmup-ai-2026-05-20-a7-verified.csv --out tmp-reach-warmup-ai-2026-05-20-a7-qa.csv
Rows reviewed: 7
OK rows: 4
Review rows: 3
QA CSV: tmp-reach-warmup-ai-2026-05-20-a7-qa.csv
QA report: /home/runner/work/aoh-website/aoh-website/docs/client-ops-ledger/outbox/reach-ai-quality-2026-05-21.md

> node scripts/launch-reach-campaign.mjs --lane ai --industry assisted living --area Massachusetts --limit 20 --timeout-ms 120000 --out tmp-reach-warmup-ai-2026-05-20-a8.json
Scraping Outscraper query: assisted living, Massachusetts, USA
Limit: 20. Enrichment: contacts_n_leads.
Prepared 20 AI Visibility prospects.
Saved normalized prospects to tmp-reach-warmup-ai-2026-05-20-a8.json.

DRY RUN ONLY. Nothing was added to GHL.
Review the output file, then rerun with --commit.
To also start the drip, add --start-drip.

Sample:
- Massachusetts Senior Care Association <hmagliozzi@maseniorcare.org> Waltham Massachusetts
- Massachusetts Senior Care Association <jchen@maseniorcare.org> Waltham Massachusetts
- Massachusetts Senior Care Association <mbeach@maseniorcare.org> Waltham Massachusetts

> node scripts/reach-json-to-csv.mjs --input tmp-reach-warmup-ai-2026-05-20-a8.json --out tmp-reach-warmup-ai-2026-05-20-a8-clean.csv
Input JSON rows: 20
CSV written: tmp-reach-warmup-ai-2026-05-20-a8-clean.csv

> node scripts/reach-filter-fresh-prospects.mjs --lane ai --csv tmp-reach-warmup-ai-2026-05-20-a8-clean.csv --out tmp-reach-warmup-ai-2026-05-20-a8-fresh.csv --state Massachusetts
Input rows: 20
Fresh rows kept: 20
Removed rows: 0
Fresh CSV: tmp-reach-warmup-ai-2026-05-20-a8-fresh.csv
Removed CSV: tmp-reach-warmup-ai-2026-05-20-a8-fresh-removed.csv
No GHL API calls were made. This is CSV filtering only.

> node scripts/verify-reach-emails.mjs --provider neverbounce --csv tmp-reach-warmup-ai-2026-05-20-a8-fresh.csv --out tmp-reach-warmup-ai-2026-05-20-a8-verified.csv --report tmp-reach-warmup-ai-2026-05-20-a8-verified-report.json
Loaded 20 rows from tmp-reach-warmup-ai-2026-05-20-a8-fresh.csv.
REMOVE hmagliozzi@maseniorcare.org unknown
REMOVE jchen@maseniorcare.org unknown
REMOVE mbeach@maseniorcare.org unknown
KEEP providencehouse@coreypark.com valid
KEEP llepage@lcbseniorliving.com valid
REMOVE kevin.carkey@marriott.com catchall
REMOVE kfoley@benchmarkquality.com unknown
KEEP matt.winsryg@atriaseniorliving.com valid
KEEP amigoscantina@hotmail.com valid
REMOVE aperkins@advancedsolutions.com invalid
KEEP poregan@germancentre.org valid
KEEP tellmemore62@gmail.com valid
REMOVE ibeck@germancentre.org catchall
REMOVE pstephens@abhow.com unknown
REMOVE kmckinney@abhow.com unknown
REMOVE canderson@abhow.com unknown
KEEP llarkin@slr-usa.com valid
REMOVE ssweeney@slr-usa.com invalid
KEEP nheimrath@slr-usa.com valid
KEEP artisanleasing@soleraseniorliving.com valid

Input: 20
Kept: 9
Removed: 11
Verified CSV: tmp-reach-warmup-ai-2026-05-20-a8-verified.csv
Verification report: tmp-reach-warmup-ai-2026-05-20-a8-verified-report.json

> node scripts/reach-quality-review.mjs --lane ai --csv tmp-reach-warmup-ai-2026-05-20-a8-verified.csv --out tmp-reach-warmup-ai-2026-05-20-a8-qa.csv
Rows reviewed: 9
OK rows: 3
Review rows: 6
QA CSV: tmp-reach-warmup-ai-2026-05-20-a8-qa.csv
QA report: /home/runner/work/aoh-website/aoh-website/docs/client-ops-ledger/outbox/reach-ai-quality-2026-05-21.md

> node scripts/launch-reach-campaign.mjs --lane ai --csv tmp-reach-warmup-ai-2026-05-20-selected-qa.csv --limit 17 --commit --only-ok --out tmp-reach-warmup-ai-2026-05-20-import.json
Loaded 17 rows from tmp-reach-warmup-ai-2026-05-20-selected-qa.csv.
QA OK-only filter kept 17 of 17 rows.
Prepared 17 AI Visibility prospects.
Saved normalized prospects to tmp-reach-warmup-ai-2026-05-20-import.json.
OK bellevue.boc@sunriseseniorliving.com Brighton Gardens of Stamford
OK llepage@lcbseniorliving.com The Residence at Selleck's Woods
OK frontdesk@holistichealingpartners.com Milford Med Spa
OK feelgood@ctfacialmedspa.com The MedSpa Old Wethersfield
OK team@glastonburychiro.com Chiropractic Health Center of Glastonbury
OK drdrew@drpesale.com Stratford Chiropractic Spine & Injury Center
OK micah@micahrich.com Berglund Chiropractic & Wellness LLC
OK michael@mchamberslaw.com Law Office of Michael L. Chambers, Jr., Car Accident & Personal Injury Attorneys - Hartford
OK tavis@tindall-lawfirm.com Tindall Law Firm, LLC
OK office@supremedentalct.com Dentist in Stamford CT - Supreme Dentist Stamford - Dental Implant Specialist and Emergency Dentist
OK info@centerdentaloffice.com Center Dental Office
OK info@thewcenter.com Westchester Center for Independent & Assisted Living
OK jkennedy@epochsl.com Waterstone of Westchester
OK connieh@broadviewseniorliving.org Broadview - Senior Living at Purchase College
OK llomax@drumhill.org Drum Hill Senior Living Community
OK providencehouse@coreypark.com Providence House Assisted Living
OK artisanleasing@soleraseniorliving.com Artisan at Hudson

GHL results saved to tmp-reach-warmup-ai-2026-05-20-import-ghl-results.json.
Contacts imported/tagged, but drip was not started.

AI Visibility report: /home/runner/work/aoh-website/aoh-website/docs/client-ops-ledger/outbox/reach-warmup-ai-2026-05-20.md

Warmup summary: /home/runner/work/aoh-website/aoh-website/docs/client-ops-ledger/outbox/reach-warmup-summary-2026-05-20.md
Done.
